# JRE version: Java(TM) SE Runtime Environment (8.0_141-b15) (build 1.8.0_141-b15)
# Java VM: Java HotSpot(TM) 64-Bit Server VM (25.141-b15 mixed mode windows-amd64 compressed oops)
Heap:
 PSYoungGen      total 91136K, used 14617K [0x00000000e5b00000, 0x00000000ec500000, 0x0000000100000000)
  eden space 81408K, 6% used [0x00000000e5b00000,0x00000000e5fc65b8,0x00000000eaa80000)
  from space 9728K, 100% used [0x00000000eb680000,0x00000000ec000000,0x00000000ec000000)
  to   space 12288K, 0% used [0x00000000eaa80000,0x00000000eaa80000,0x00000000eb680000)
 ParOldGen       total 54784K, used 14959K [0x00000000b1000000, 0x00000000b4580000, 0x00000000e5b00000)
  object space 54784K, 27% used [0x00000000b1000000,0x00000000b1e9be60,0x00000000b4580000)
 Metaspace       used 15496K, capacity 15748K, committed 16000K, reserved 1062912K
  class space    used 1833K, capacity 1920K, committed 1920K, reserved 1048576K
GC Heap History (10 events):
Event: 5.884 GC heap before
{Heap before GC invocations=4 (full 0):
 PSYoungGen      total 24064K, used 24050K [0x00000000e5b00000, 0x00000000e7580000, 0x0000000100000000)
  eden space 20992K, 100% used [0x00000000e5b00000,0x00000000e6f80000,0x00000000e6f80000)
  from space 3072K, 99% used [0x00000000e6f80000,0x00000000e727cac8,0x00000000e7280000)
  to   space 3072K, 0% used [0x00000000e7280000,0x00000000e7280000,0x00000000e7580000)
 ParOldGen       total 54784K, used 3675K [0x00000000b1000000, 0x00000000b4580000, 0x00000000e5b00000)
  object space 54784K, 6% used [0x00000000b1000000,0x00000000b1396e10,0x00000000b4580000)
 Metaspace       used 13961K, capacity 14198K, committed 14464K, reserved 1062912K
  class space    used 1741K, capacity 1843K, committed 1920K, reserved 1048576K
Event: 5.937 GC heap after
Heap after GC invocations=4 (full 0):
 PSYoungGen      total 24064K, used 3056K [0x00000000e5b00000, 0x00000000e8a00000, 0x0000000100000000)
  eden space 20992K, 0% used [0x00000000e5b00000,0x00000000e5b00000,0x00000000e6f80000)
  from space 3072K, 99% used [0x00000000e7280000,0x00000000e757c030,0x00000000e7580000)
  to   space 3072K, 0% used [0x00000000e6f80000,0x00000000e6f80000,0x00000000e7280000)
 ParOldGen       total 54784K, used 7270K [0x00000000b1000000, 0x00000000b4580000, 0x00000000e5b00000)
  object space 54784K, 13% used [0x00000000b1000000,0x00000000b1719be8,0x00000000b4580000)
 Metaspace       used 13961K, capacity 14198K, committed 14464K, reserved 1062912K
  class space    used 1741K, capacity 1843K, committed 1920K, reserved 1048576K
}
Event: 6.747 GC heap before
{Heap before GC invocations=5 (full 0):
 PSYoungGen      total 24064K, used 24048K [0x00000000e5b00000, 0x00000000e8a00000, 0x0000000100000000)
  eden space 20992K, 100% used [0x00000000e5b00000,0x00000000e6f80000,0x00000000e6f80000)
  from space 3072K, 99% used [0x00000000e7280000,0x00000000e757c030,0x00000000e7580000)
  to   space 3072K, 0% used [0x00000000e6f80000,0x00000000e6f80000,0x00000000e7280000)
 ParOldGen       total 54784K, used 7270K [0x00000000b1000000, 0x00000000b4580000, 0x00000000e5b00000)
  object space 54784K, 13% used [0x00000000b1000000,0x00000000b1719be8,0x00000000b4580000)
 Metaspace       used 14431K, capacity 14708K, committed 14976K, reserved 1062912K
  class space    used 1777K, capacity 1880K, committed 1920K, reserved 1048576K
Event: 6.767 GC heap after
Heap after GC invocations=5 (full 0):
 PSYoungGen      total 24064K, used 3040K [0x00000000e5b00000, 0x00000000e9400000, 0x0000000100000000)
  eden space 20992K, 0% used [0x00000000e5b00000,0x00000000e5b00000,0x00000000e6f80000)
  from space 3072K, 98% used [0x00000000e6f80000,0x00000000e7278020,0x00000000e7280000)
  to   space 8192K, 0% used [0x00000000e8c00000,0x00000000e8c00000,0x00000000e9400000)
 ParOldGen       total 54784K, used 10980K [0x00000000b1000000, 0x00000000b4580000, 0x00000000e5b00000)
  object space 54784K, 20% used [0x00000000b1000000,0x00000000b1ab92d8,0x00000000b4580000)
 Metaspace       used 14431K, capacity 14708K, committed 14976K, reserved 1062912K
  class space    used 1777K, capacity 1880K, committed 1920K, reserved 1048576K
}
Event: 7.472 GC heap before
{Heap before GC invocations=6 (full 0):
 PSYoungGen      total 24064K, used 24032K [0x00000000e5b00000, 0x00000000e9400000, 0x0000000100000000)
  eden space 20992K, 100% used [0x00000000e5b00000,0x00000000e6f80000,0x00000000e6f80000)
  from space 3072K, 98% used [0x00000000e6f80000,0x00000000e7278020,0x00000000e7280000)
  to   space 8192K, 0% used [0x00000000e8c00000,0x00000000e8c00000,0x00000000e9400000)
 ParOldGen       total 54784K, used 10980K [0x00000000b1000000, 0x00000000b4580000, 0x00000000e5b00000)
  object space 54784K, 20% used [0x00000000b1000000,0x00000000b1ab92d8,0x00000000b4580000)
 Metaspace       used 14850K, capacity 15098K, committed 15232K, reserved 1062912K
  class space    used 1799K, capacity 1881K, committed 1920K, reserved 1048576K
Event: 7.491 GC heap after
Heap after GC invocations=6 (full 0):
 PSYoungGen      total 50176K, used 5730K [0x00000000e5b00000, 0x00000000e9400000, 0x0000000100000000)
  eden space 41984K, 0% used [0x00000000e5b00000,0x00000000e5b00000,0x00000000e8400000)
  from space 8192K, 69% used [0x00000000e8c00000,0x00000000e9198bc8,0x00000000e9400000)
  to   space 8192K, 0% used [0x00000000e8400000,0x00000000e8400000,0x00000000e8c00000)
 ParOldGen       total 54784K, used 10988K [0x00000000b1000000, 0x00000000b4580000, 0x00000000e5b00000)
  object space 54784K, 20% used [0x00000000b1000000,0x00000000b1abb2d8,0x00000000b4580000)
 Metaspace       used 14850K, capacity 15098K, committed 15232K, reserved 1062912K
  class space    used 1799K, capacity 1881K, committed 1920K, reserved 1048576K
}
Event: 9.101 GC heap before
{Heap before GC invocations=7 (full 0):
 PSYoungGen      total 50176K, used 47714K [0x00000000e5b00000, 0x00000000e9400000, 0x0000000100000000)
  eden space 41984K, 100% used [0x00000000e5b00000,0x00000000e8400000,0x00000000e8400000)
  from space 8192K, 69% used [0x00000000e8c00000,0x00000000e9198bc8,0x00000000e9400000)
  to   space 8192K, 0% used [0x00000000e8400000,0x00000000e8400000,0x00000000e8c00000)
 ParOldGen       total 54784K, used 10988K [0x00000000b1000000, 0x00000000b4580000, 0x00000000e5b00000)
  object space 54784K, 20% used [0x00000000b1000000,0x00000000b1abb2d8,0x00000000b4580000)
 Metaspace       used 15118K, capacity 15410K, committed 15488K, reserved 1062912K
  class space    used 1816K, capacity 1917K, committed 1920K, reserved 1048576K
Event: 9.138 GC heap after
Heap after GC invocations=7 (full 0):
 PSYoungGen      total 50176K, used 8176K [0x00000000e5b00000, 0x00000000ec000000, 0x0000000100000000)
  eden space 41984K, 0% used [0x00000000e5b00000,0x00000000e5b00000,0x00000000e8400000)
  from space 8192K, 99% used [0x00000000e8400000,0x00000000e8bfc010,0x00000000e8c00000)
  to   space 9728K, 0% used [0x00000000eb680000,0x00000000eb680000,0x00000000ec000000)
 ParOldGen       total 54784K, used 12650K [0x00000000b1000000, 0x00000000b4580000, 0x00000000e5b00000)
  object space 54784K, 23% used [0x00000000b1000000,0x00000000b1c5a850,0x00000000b4580000)
 Metaspace       used 15118K, capacity 15410K, committed 15488K, reserved 1062912K
  class space    used 1816K, capacity 1917K, committed 1920K, reserved 1048576K
}
Event: 11.209 GC heap before
{Heap before GC invocations=8 (full 0):
 PSYoungGen      total 50176K, used 50160K [0x00000000e5b00000, 0x00000000ec000000, 0x0000000100000000)
  eden space 41984K, 100% used [0x00000000e5b00000,0x00000000e8400000,0x00000000e8400000)
  from space 8192K, 99% used [0x00000000e8400000,0x00000000e8bfc010,0x00000000e8c00000)
  to   space 9728K, 0% used [0x00000000eb680000,0x00000000eb680000,0x00000000ec000000)
 ParOldGen       total 54784K, used 12650K [0x00000000b1000000, 0x00000000b4580000, 0x00000000e5b00000)
  object space 54784K, 23% used [0x00000000b1000000,0x00000000b1c5a850,0x00000000b4580000)
 Metaspace       used 15475K, capacity 15748K, committed 16000K, reserved 1062912K
  class space    used 1833K, capacity 1920K, committed 1920K, reserved 1048576K
Event: 11.235 GC heap after
Heap after GC invocations=8 (full 0):
 PSYoungGen      total 91136K, used 9728K [0x00000000e5b00000, 0x00000000ec500000, 0x0000000100000000)
  eden space 81408K, 0% used [0x00000000e5b00000,0x00000000e5b00000,0x00000000eaa80000)
  from space 9728K, 100% used [0x00000000eb680000,0x00000000ec000000,0x00000000ec000000)
  to   space 12288K, 0% used [0x00000000eaa80000,0x00000000eaa80000,0x00000000eb680000)
 ParOldGen       total 54784K, used 14959K [0x00000000b1000000, 0x00000000b4580000, 0x00000000e5b00000)
  object space 54784K, 27% used [0x00000000b1000000,0x00000000b1e9be60,0x00000000b4580000)
 Metaspace       used 15475K, capacity 15748K, committed 16000K, reserved 1062912K
  class space    used 1833K, capacity 1920K, committed 1920K, reserved 1048576K
}

